#
# A fatal error has been detected by the Java Runtime Environment:
#
#  SIGSEGV (0xb) at pc=0x0000000000000000, pid=1499, tid=6403
#
# JRE version: 7.0_17-b02
# Java VM: Java HotSpot(TM) 64-Bit Server VM (23.7-b01 mixed mode bsd-amd64 compressed oops)
# Problematic frame:
# C  0x0000000000000000
#
# Failed to write core dump. Core dumps have been disabled. To enable core dumping, try "ulimit -c unlimited" before starting Java again
#
# If you would like to submit a bug report, please visit:
#   http://bugreport.sun.com/bugreport/crash.jsp
#

---------------  T H R E A D  ---------------

Current thread is native thread

siginfo:si_signo=SIGSEGV: si_errno=0, si_code=1 (SEGV_MAPERR), si_addr=0x0000000000000000

Registers:
RAX=0x0000000000000000, RBX=0x00007f8db3410730, RCX=0x0000000000000000, RDX=0x0000000000000000
RSP=0x000000012302c508, RBP=0x000000012302c520, RSI=0x0000000000000000, RDI=0x0000000000000000
R8 =0x000000010bc01080, R9 =0x000000010bc00000, R10=0x000000010bc01000, R11=0x000000010bc00080
R12=0x0000000000000000, R13=0x000000010bc010c0, R14=0x00007fff79854ec0, R15=0x0000000000000000
RIP=0x0000000000000000, EFLAGS=0x0000000000010246, ERR=0x0000000000000014
  TRAPNO=0x000000000000000e

Top of Stack: (sp=0x000000012302c508)
0x000000012302c508:   00007fff8a555c13 0000000000000000
0x000000012302c518:   00007f8db3410730 000000012302c590
0x000000012302c528:   00007fff8a559365 0000000000000030
0x000000012302c538:   00000000000020ff 00007fff79854ec0
0x000000012302c548:   00007fff79854e40 00007fff79854f00
0x000000012302c558:   0000000000010003 00007fff79854ef4
0x000000012302c568:   00007fff79854ec0 00007fff8a578258
0x000000012302c578:   00007fff79854ec0 000000012302c5d0
0x000000012302c588:   000000012302c600 000000012302c5b0
0x000000012302c598:   00007fff8a558e0c 000000012302c658
0x000000012302c5a8:   00007fff79854ec0 000000012302c640
0x000000012302c5b8:   00007fff8a558cd0 00007fff797c3244
0x000000012302c5c8:   00007fff79854e80 000000012302c618
0x000000012302c5d8:   00007fff797c3260 000000012302c600
0x000000012302c5e8:   00007fff8a557a8e 0000000000000002
0x000000012302c5f8:   0000000000004000 000000012302c640
0x000000012302c608:   00007fff8a558bfd 0000000000000000
0x000000012302c618:   00007fff79854ec0 00007fff79854e40
0x000000012302c628:   00007fff79854e80 00007fff79854e78
0x000000012302c638:   00000000000020ff 000000012302ce50
0x000000012302c648:   00007fff8a558a6a 0000000000000000
0x000000012302c658:   0000000000000000 0000000000000000
0x000000012302c668:   0000000000000000 0000000000000000
0x000000012302c678:   0000000000000000 0000000000000000
0x000000012302c688:   0000000000000000 0000000000000000
0x000000012302c698:   0000000000000000 0000000000000000
0x000000012302c6a8:   0000000000000000 0000000000000000
0x000000012302c6b8:   0000000000000000 0000000000000000
0x000000012302c6c8:   0000000000000000 0000000000000000
0x000000012302c6d8:   0000000000000000 0000000000000000
0x000000012302c6e8:   0000000000000000 0000000000000000
0x000000012302c6f8:   0000000000000000 0000000000000000 

Instructions: (pc=0x0000000000000000)
0xffffffffffffffe0:   

Stack: [0x000000012301d000,0x000000012302d000],  sp=0x000000012302c508,  free space=61k

---------------  P R O C E S S  ---------------

VM state:not at safepoint (not fully initialized)

VM Mutex/Monitor currently owned by a thread: None

GC Heap History (0 events):
No events

Deoptimization events (0 events):
No events

Internal exceptions (0 events):
No events

Events (0 events):
No events


Dynamic libraries:
0x000000000971e000 	/System/Library/Frameworks/Cocoa.framework/Versions/A/Cocoa
0x000000000971e000 	/System/Library/Frameworks/Security.framework/Versions/A/Security
0x000000000971e000 	/System/Library/Frameworks/ApplicationServices.framework/Versions/A/ApplicationServices
0x000000000971e000 	/usr/lib/libz.1.dylib
0x000000000971e000 	/usr/lib/libSystem.B.dylib
0x000000000971e000 	/usr/lib/libobjc.A.dylib
0x000000000971e000 	/System/Library/Frameworks/CoreFoundation.framework/Versions/A/CoreFoundation
0x000000000971e000 	/System/Library/Frameworks/AppKit.framework/Versions/C/AppKit
0x000000000971e000 	/System/Library/Frameworks/CoreData.framework/Versions/A/CoreData
0x000000000971e000 	/System/Library/Frameworks/Foundation.framework/Versions/C/Foundation
0x000000000971e000 	/System/Library/PrivateFrameworks/RemoteViewServices.framework/Versions/A/RemoteViewServices
0x000000000971e000 	/System/Library/PrivateFrameworks/UIFoundation.framework/Versions/A/UIFoundation
0x000000000971e000 	/System/Library/Frameworks/IOSurface.framework/Versions/A/IOSurface
0x000000000971e000 	/System/Library/Frameworks/AudioToolbox.framework/Versions/A/AudioToolbox
0x000000000971e000 	/System/Library/Frameworks/AudioUnit.framework/Versions/A/AudioUnit
0x000000000971e000 	/System/Library/PrivateFrameworks/DataDetectorsCore.framework/Versions/A/DataDetectorsCore
0x000000000971e000 	/System/Library/PrivateFrameworks/DesktopServicesPriv.framework/Versions/A/DesktopServicesPriv
0x000000000971e000 	/System/Library/Frameworks/Carbon.framework/Versions/A/Frameworks/HIToolbox.framework/Versions/A/HIToolbox
0x000000000971e000 	/System/Library/Frameworks/QuartzCore.framework/Versions/A/QuartzCore
0x000000000971e000 	/System/Library/Frameworks/Carbon.framework/Versions/A/Frameworks/SpeechRecognition.framework/Versions/A/SpeechRecognition
0x000000000971e000 	/usr/lib/libauto.dylib
0x000000000971e000 	/usr/lib/libicucore.A.dylib
0x000000000971e000 	/usr/lib/libxml2.2.dylib
0x000000000971e000 	/System/Library/PrivateFrameworks/CoreUI.framework/Versions/A/CoreUI
0x000000000971e000 	/System/Library/Frameworks/CoreAudio.framework/Versions/A/CoreAudio
0x000000000971e000 	/System/Library/Frameworks/DiskArbitration.framework/Versions/A/DiskArbitration
0x000000000971e000 	/usr/lib/liblangid.dylib
0x000000000971e000 	/System/Library/PrivateFrameworks/MultitouchSupport.framework/Versions/A/MultitouchSupport
0x000000000971e000 	/System/Library/Frameworks/IOKit.framework/Versions/A/IOKit
0x000000000971e000 	/usr/lib/libDiagnosticMessagesClient.dylib
0x000000000971e000 	/System/Library/Frameworks/CoreServices.framework/Versions/A/CoreServices
0x000000000971e000 	/System/Library/PrivateFrameworks/PerformanceAnalysis.framework/Versions/A/PerformanceAnalysis
0x000000000971e000 	/System/Library/PrivateFrameworks/GenerationalStorage.framework/Versions/A/GenerationalStorage
0x000000000971e000 	/System/Library/Frameworks/OpenGL.framework/Versions/A/OpenGL
0x000000000971e000 	/System/Library/PrivateFrameworks/Sharing.framework/Versions/A/Sharing
0x000000000971e000 	/System/Library/Frameworks/CoreGraphics.framework/Versions/A/CoreGraphics
0x000000000971e000 	/System/Library/Frameworks/CoreText.framework/Versions/A/CoreText
0x000000000971e000 	/System/Library/Frameworks/ImageIO.framework/Versions/A/ImageIO
0x000000000971e000 	/usr/lib/libextension.dylib
0x000000000971e000 	/System/Library/PrivateFrameworks/Backup.framework/Versions/A/Backup
0x000000000971e000 	/usr/lib/libarchive.2.dylib
0x000000000971e000 	/System/Library/Frameworks/CFNetwork.framework/Versions/A/CFNetwork
0x000000000971e000 	/System/Library/Frameworks/SystemConfiguration.framework/Versions/A/SystemConfiguration
0x000000000971e000 	/usr/lib/libCRFSuite.dylib
0x000000000971e000 	/usr/lib/libc++.1.dylib
0x000000000971e000 	/usr/lib/libc++abi.dylib
0x000000000971e000 	/usr/lib/system/libcache.dylib
0x000000000971e000 	/usr/lib/system/libcommonCrypto.dylib
0x000000000971e000 	/usr/lib/system/libcompiler_rt.dylib
0x000000000971e000 	/usr/lib/system/libcopyfile.dylib
0x000000000971e000 	/usr/lib/system/libcorecrypto.dylib
0x000000000971e000 	/usr/lib/system/libdispatch.dylib
0x000000000971e000 	/usr/lib/system/libdyld.dylib
0x000000000971e000 	/usr/lib/system/libkeymgr.dylib
0x000000000971e000 	/usr/lib/system/liblaunch.dylib
0x000000000971e000 	/usr/lib/system/libmacho.dylib
0x000000000971e000 	/usr/lib/system/libquarantine.dylib
0x000000000971e000 	/usr/lib/system/libremovefile.dylib
0x000000000971e000 	/usr/lib/system/libsystem_asl.dylib
0x000000000971e000 	/usr/lib/system/libsystem_blocks.dylib
0x000000000971e000 	/usr/lib/system/libsystem_c.dylib
0x000000000971e000 	/usr/lib/system/libsystem_configuration.dylib
0x000000000971e000 	/usr/lib/system/libsystem_coreservices.dylib
0x000000000971e000 	/usr/lib/system/libsystem_coretls.dylib
0x000000000971e000 	/usr/lib/system/libsystem_dnssd.dylib
0x000000000971e000 	/usr/lib/system/libsystem_info.dylib
0x000000000971e000 	/usr/lib/system/libsystem_kernel.dylib
0x000000000971e000 	/usr/lib/system/libsystem_m.dylib
0x000000000971e000 	/usr/lib/system/libsystem_malloc.dylib
0x000000000971e000 	/usr/lib/system/libsystem_network.dylib
0x000000000971e000 	/usr/lib/system/libsystem_networkextension.dylib
0x000000000971e000 	/usr/lib/system/libsystem_notify.dylib
0x000000000971e000 	/usr/lib/system/libsystem_platform.dylib
0x000000000971e000 	/usr/lib/system/libsystem_pthread.dylib
0x000000000971e000 	/usr/lib/system/libsystem_sandbox.dylib
0x000000000971e000 	/usr/lib/system/libsystem_secinit.dylib
0x000000000971e000 	/usr/lib/system/libsystem_stats.dylib
0x000000000971e000 	/usr/lib/system/libsystem_trace.dylib
0x000000000971e000 	/usr/lib/system/libunc.dylib
0x000000000971e000 	/usr/lib/system/libunwind.dylib
0x000000000971e000 	/usr/lib/system/libxpc.dylib
0x000000000971e000 	/usr/lib/libbz2.1.0.dylib
0x000000000971e000 	/usr/lib/liblzma.5.dylib
0x000000000971e000 	/usr/lib/libbsm.0.dylib
0x000000000971e000 	/usr/lib/libsqlite3.dylib
0x000000000971e000 	/usr/lib/system/libkxld.dylib
0x000000000971e000 	/usr/lib/libxar.1.dylib
0x000000000971e000 	/usr/lib/libpam.2.dylib
0x000000000971e000 	/usr/lib/libOpenScriptingUtil.dylib
0x000000000971e000 	/System/Library/Frameworks/CoreServices.framework/Versions/A/Frameworks/FSEvents.framework/Versions/A/FSEvents
0x000000000971e000 	/System/Library/Frameworks/CoreServices.framework/Versions/A/Frameworks/CarbonCore.framework/Versions/A/CarbonCore
0x000000000971e000 	/System/Library/Frameworks/CoreServices.framework/Versions/A/Frameworks/Metadata.framework/Versions/A/Metadata
0x000000000971e000 	/System/Library/Frameworks/CoreServices.framework/Versions/A/Frameworks/OSServices.framework/Versions/A/OSServices
0x000000000971e000 	/System/Library/Frameworks/CoreServices.framework/Versions/A/Frameworks/SearchKit.framework/Versions/A/SearchKit
0x000000000971e000 	/System/Library/Frameworks/CoreServices.framework/Versions/A/Frameworks/AE.framework/Versions/A/AE
0x000000000971e000 	/System/Library/Frameworks/CoreServices.framework/Versions/A/Frameworks/LaunchServices.framework/Versions/A/LaunchServices
0x000000000971e000 	/System/Library/Frameworks/CoreServices.framework/Versions/A/Frameworks/DictionaryServices.framework/Versions/A/DictionaryServices
0x000000000971e000 	/System/Library/Frameworks/NetFS.framework/Versions/A/NetFS
0x000000000971e000 	/System/Library/PrivateFrameworks/NetAuth.framework/Versions/A/NetAuth
0x000000000971e000 	/System/Library/PrivateFrameworks/login.framework/Versions/A/Frameworks/loginsupport.framework/Versions/A/loginsupport
0x000000000971e000 	/System/Library/PrivateFrameworks/TCC.framework/Versions/A/TCC
0x000000000971e000 	/usr/lib/libmecabra.dylib
0x000000000971e000 	/System/Library/Frameworks/ApplicationServices.framework/Versions/A/Frameworks/ATS.framework/Versions/A/ATS
0x000000000971e000 	/System/Library/Frameworks/ApplicationServices.framework/Versions/A/Frameworks/ColorSync.framework/Versions/A/ColorSync
0x000000000971e000 	/System/Library/Frameworks/ApplicationServices.framework/Versions/A/Frameworks/HIServices.framework/Versions/A/HIServices
0x000000000971e000 	/System/Library/Frameworks/ApplicationServices.framework/Versions/A/Frameworks/LangAnalysis.framework/Versions/A/LangAnalysis
0x000000000971e000 	/System/Library/Frameworks/ApplicationServices.framework/Versions/A/Frameworks/PrintCore.framework/Versions/A/PrintCore
0x000000000971e000 	/System/Library/Frameworks/ApplicationServices.framework/Versions/A/Frameworks/QD.framework/Versions/A/QD
0x000000000971e000 	/System/Library/Frameworks/ApplicationServices.framework/Versions/A/Frameworks/SpeechSynthesis.framework/Versions/A/SpeechSynthesis
0x000000000971e000 	/System/Library/Frameworks/Accelerate.framework/Versions/A/Accelerate
0x000000000971e000 	/System/Library/Frameworks/Accelerate.framework/Versions/A/Frameworks/vImage.framework/Versions/A/vImage
0x000000000971e000 	/System/Library/Frameworks/Accelerate.framework/Versions/A/Frameworks/vecLib.framework/Versions/A/vecLib
0x000000000971e000 	/System/Library/Frameworks/Accelerate.framework/Versions/A/Frameworks/vecLib.framework/Versions/A/libvDSP.dylib
0x000000000971e000 	/System/Library/Frameworks/Accelerate.framework/Versions/A/Frameworks/vecLib.framework/Versions/A/libvMisc.dylib
0x000000000971e000 	/System/Library/Frameworks/Accelerate.framework/Versions/A/Frameworks/vecLib.framework/Versions/A/libLAPACK.dylib
0x000000000971e000 	/System/Library/Frameworks/Accelerate.framework/Versions/A/Frameworks/vecLib.framework/Versions/A/libBLAS.dylib
0x000000000971e000 	/System/Library/Frameworks/Accelerate.framework/Versions/A/Frameworks/vecLib.framework/Versions/A/libLinearAlgebra.dylib
0x000000000971e000 	/System/Library/Frameworks/ApplicationServices.framework/Versions/A/Frameworks/ATS.framework/Versions/A/Resources/libFontParser.dylib
0x000000000971e000 	/System/Library/Frameworks/ApplicationServices.framework/Versions/A/Frameworks/ATS.framework/Versions/A/Resources/libFontRegistry.dylib
0x000000000971e000 	/System/Library/PrivateFrameworks/AppleVPA.framework/Versions/A/AppleVPA
0x000000000971e000 	/System/Library/PrivateFrameworks/AppleJPEG.framework/Versions/A/AppleJPEG
0x000000000971e000 	/System/Library/Frameworks/ImageIO.framework/Versions/A/Resources/libJPEG.dylib
0x000000000971e000 	/System/Library/Frameworks/ImageIO.framework/Versions/A/Resources/libTIFF.dylib
0x000000000971e000 	/System/Library/Frameworks/ImageIO.framework/Versions/A/Resources/libPng.dylib
0x000000000971e000 	/System/Library/Frameworks/ImageIO.framework/Versions/A/Resources/libGIF.dylib
0x000000000971e000 	/System/Library/Frameworks/ImageIO.framework/Versions/A/Resources/libJP2.dylib
0x000000000971e000 	/System/Library/Frameworks/ImageIO.framework/Versions/A/Resources/libRadiance.dylib
0x000000000971e000 	/System/Library/Frameworks/CoreVideo.framework/Versions/A/CoreVideo
0x000000000971e000 	/System/Library/Frameworks/OpenGL.framework/Versions/A/Libraries/libGLU.dylib
0x000000000971e000 	/System/Library/Frameworks/OpenGL.framework/Versions/A/Libraries/libGFXShared.dylib
0x000000000971e000 	/System/Library/Frameworks/OpenGL.framework/Versions/A/Libraries/libGL.dylib
0x000000000971e000 	/System/Library/Frameworks/OpenGL.framework/Versions/A/Libraries/libGLImage.dylib
0x000000000971e000 	/System/Library/Frameworks/OpenGL.framework/Versions/A/Libraries/libCVMSPluginSupport.dylib
0x000000000971e000 	/System/Library/Frameworks/OpenGL.framework/Versions/A/Libraries/libCoreVMClient.dylib
0x000000000971e000 	/usr/lib/libcups.2.dylib
0x000000000971e000 	/System/Library/Frameworks/Kerberos.framework/Versions/A/Kerberos
0x000000000971e000 	/System/Library/Frameworks/GSS.framework/Versions/A/GSS
0x000000000971e000 	/usr/lib/libresolv.9.dylib
0x000000000971e000 	/usr/lib/libiconv.2.dylib
0x000000000971e000 	/System/Library/PrivateFrameworks/Heimdal.framework/Versions/A/Heimdal
0x000000000971e000 	/usr/lib/libheimdal-asn1.dylib
0x000000000971e000 	/System/Library/Frameworks/OpenDirectory.framework/Versions/A/OpenDirectory
0x000000000971e000 	/System/Library/PrivateFrameworks/CommonAuth.framework/Versions/A/CommonAuth
0x000000000971e000 	/System/Library/Frameworks/OpenDirectory.framework/Versions/A/Frameworks/CFOpenDirectory.framework/Versions/A/CFOpenDirectory
0x000000000971e000 	/System/Library/Frameworks/SecurityFoundation.framework/Versions/A/SecurityFoundation
0x000000000971e000 	/System/Library/PrivateFrameworks/LanguageModeling.framework/Versions/A/LanguageModeling
0x000000000971e000 	/usr/lib/libcmph.dylib
0x000000000971e000 	/System/Library/Frameworks/ServiceManagement.framework/Versions/A/ServiceManagement
0x000000000971e000 	/usr/lib/libxslt.1.dylib
0x000000000971e000 	/System/Library/Frameworks/Carbon.framework/Versions/A/Frameworks/Ink.framework/Versions/A/Ink
0x000000000971e000 	/System/Library/Frameworks/QuartzCore.framework/Versions/A/Frameworks/CoreImage.framework/Versions/A/CoreImage
0x000000000971e000 	/System/Library/PrivateFrameworks/CrashReporterSupport.framework/Versions/A/CrashReporterSupport
0x000000000971e000 	/System/Library/Frameworks/OpenCL.framework/Versions/A/OpenCL
0x000000000971e000 	/System/Library/PrivateFrameworks/FaceCore.framework/Versions/A/FaceCore
0x000000000971e000 	/System/Library/PrivateFrameworks/Ubiquity.framework/Versions/A/Ubiquity
0x000000000971e000 	/System/Library/PrivateFrameworks/IconServices.framework/Versions/A/IconServices
0x000000000971e000 	/System/Library/PrivateFrameworks/ChunkingLibrary.framework/Versions/A/ChunkingLibrary
0x000000000971e000 	/System/Library/PrivateFrameworks/Apple80211.framework/Versions/A/Apple80211
0x000000000971e000 	/System/Library/Frameworks/CoreWLAN.framework/Versions/A/CoreWLAN
0x000000000971e000 	/System/Library/Frameworks/IOBluetooth.framework/Versions/A/IOBluetooth
0x000000000971e000 	/System/Library/PrivateFrameworks/CoreWiFi.framework/Versions/A/CoreWiFi
0x000000000971e000 	/System/Library/Frameworks/CoreBluetooth.framework/Versions/A/CoreBluetooth
0x000000000971e000 	/System/Library/PrivateFrameworks/DebugSymbols.framework/Versions/A/DebugSymbols
0x000000000971e000 	/System/Library/PrivateFrameworks/CoreSymbolication.framework/Versions/A/CoreSymbolication
0x000000000971e000 	/System/Library/PrivateFrameworks/Symbolication.framework/Versions/A/Symbolication
0x000000000971e000 	/System/Library/PrivateFrameworks/SpeechRecognitionCore.framework/Versions/A/SpeechRecognitionCore
0x0000000107c94000 	/Library/Java/JavaVirtualMachines/jdk1.7.0_17.jdk/Contents/Home/jre/lib/server/libjvm.dylib
0x000000000971e000 	/usr/lib/libstdc++.6.dylib
0x000000010883e000 	/Library/Java/JavaVirtualMachines/jdk1.7.0_17.jdk/Contents/Home/jre/lib/libverify.dylib
0x000000010884b000 	/Library/Java/JavaVirtualMachines/jdk1.7.0_17.jdk/Contents/Home/jre/lib/libjava.dylib
0x0000000108885000 	/Library/Java/JavaVirtualMachines/jdk1.7.0_17.jdk/Contents/Home/jre/lib/libzip.dylib

VM Arguments:
jvm_args: -Dfile.encoding=UTF-8 
java_command: ClientPackage.MyView localhost 8080
Launcher Type: SUN_STANDARD

Environment Variables:
PATH=/usr/bin:/bin:/usr/sbin:/sbin
LD_LIBRARY_PATH=/Library/Java/JavaVirtualMachines/jdk1.7.0_17.jdk/Contents/Home/jre/lib/amd64:/Library/Java/JavaVirtualMachines/jdk1.7.0_17.jdk/Contents/Home/jre/lib/i386:
SHELL=/bin/bash
DISPLAY=/private/tmp/com.apple.launchd.OkFf9bhCYm/org.macosforge.xquartz:0
DYLD_LIBRARY_PATH=/Applications/NetBeans/NetBeans 7.4.app/Contents/Resources/NetBeans/webcommon/bin:

Signal Handlers:
SIGSEGV: [libjvm.dylib+0x4a361d], sa_mask[0]=0xfffefeff, sa_flags=0x00000042
SIGBUS: [libjvm.dylib+0x4a361d], sa_mask[0]=0xfffefeff, sa_flags=0x00000042
SIGFPE: [libjvm.dylib+0x3b302d], sa_mask[0]=0xfffefeff, sa_flags=0x00000042
SIGPIPE: [libjvm.dylib+0x3b302d], sa_mask[0]=0xfffefeff, sa_flags=0x00000042
SIGXFSZ: [libjvm.dylib+0x3b302d], sa_mask[0]=0xfffefeff, sa_flags=0x00000042
SIGILL: [libjvm.dylib+0x3b302d], sa_mask[0]=0xfffefeff, sa_flags=0x00000042
SIGUSR1: SIG_DFL, sa_mask[0]=0x00000000, sa_flags=0x00000000
SIGUSR2: [libjvm.dylib+0x3b2bc6], sa_mask[0]=0x00000004, sa_flags=0x00000042
SIGHUP: SIG_DFL, sa_mask[0]=0xfffefeff, sa_flags=0x00000042
SIGINT: SIG_IGN, sa_mask[0]=0x00000000, sa_flags=0x00000000
SIGTERM: SIG_DFL, sa_mask[0]=0xfffefeff, sa_flags=0x00000042
SIGQUIT: SIG_DFL, sa_mask[0]=0xfffefeff, sa_flags=0x00000042


---------------  S Y S T E M  ---------------

OS:Bsduname:Darwin 14.1.0 Darwin Kernel Version 14.1.0: Sun Nov 30 22:30:35 PST 2014; root:xnu-2782.10.66~2/RELEASE_X86_64 x86_64
rlimit: STACK 8192k, CORE 0k, NPROC 709, NOFILE 10240, AS infinity
load average:2.13 3.24 3.02

CPU:total 2 (2 cores per cpu, 1 threads per core) family 6 model 23 stepping 10, cmov, cx8, fxsr, mmx, sse, sse2, sse3, ssse3, sse4.1, tsc

Memory: 4k page, physical 1195368k(298842k free)

/proc/meminfo:


vm_info: Java HotSpot(TM) 64-Bit Server VM (23.7-b01) for bsd-amd64 JRE (1.7.0_17-b02), built on Mar  1 2013 06:41:23 by "java_re" with gcc 4.2.1 (Based on Apple Inc. build 5658) (LLVM build 2336.11.00)

time: Wed Dec 10 11:01:11 2014
elapsed time: 0 seconds

